<?xml version="1.0" encoding="UTF-8"?>
<!-- Generated by org.testng.reporters.JUnitReportReporter -->
<testsuite hostname="DESKTOP-M4FESMU" failures="0" tests="2" name="tests.L1F21BSSE0014" time="5.142" errors="0" timestamp="2025-01-29T23:11:46 PKT" skipped="0">
  <testcase classname="tests.L1F21BSSE0014" name="testCreateUser" time="4.277"/>
  <testcase classname="tests.L1F21BSSE0014" name="testUpdateUser" time="0.865"/>
</testsuite> <!-- tests.L1F21BSSE0014 -->
